Started by user [8mha:////4Maezfk0JbHDzak4BfSdZmgwP4IA8xVqOrqfKRXTMeqbAAAAlx+LCAAAAAAAAP9b85aBtbiIQTGjNKU4P08vOT+vOD8nVc83PyU1x6OyILUoJzMv2y+/JJUBAhiZGBgqihhk0NSjKDWzXb3RdlLBUSYGJk8GtpzUvPSSDB8G5tKinBIGIZ+sxLJE/ZzEvHT94JKizLx0a6BxUmjGOUNodHsLgAzWEgZu/dLi1CL9xJTczDwAj6GcLcAAAAA=[0madmin
[8mha:////4KRo0YmmwtC2y6yPDiNjzM5sfeXF5Vp/3whR1HckqUrwAAAAoh+LCAAAAAAAAP9tjTEOwjAQBM8BClpKHuFItIiK1krDC0x8GCfWnbEdkooX8TX+gCESFVvtrLSa5wtWKcKBo5UdUu8otU4GP9jS5Mixv3geZcdn2TIl9igbHBs2eJyx4YwwR1SwULBGaj0nRzbDRnX6rmuvydanHMu2V1A5c4MHCFXMWcf8hSnC9jqYxPTz/BXAFEIGsfuclm8zQVqFvQAAAA==[0m[Pipeline] Start of Pipeline
[8mha:////4Hpqw+HJtSJOYxqblEvzq25+39uAue/8cP6aI45kCxT9AAAApR+LCAAAAAAAAP9tjTEOwjAUQ3+KOrAycohUghExsUZZOEFIQkgb/d8mKe3EibgadyBQiQlLlmxL1nu+oE4RjhQdby12HpP2vA+jK4lPFLtroIm3dOGaMFGwXNpJkrGnpUrKFhaxClYC1hZ1oOTRZdiIVt1VExS65pxj2Q4CKm8GeAAThZxVzN8yR9jeRpMIf5y/AJj7DGxXvP/86jduZBmjwAAAAA==[0m[Pipeline] node
Running on [8mha:////4IoS6Q6HEmADU0+DF7n0QTp/dLGB5vjQX3rtbzxAHVkqAAAAqB+LCAAAAAAAAP9b85aBtbiIQTGjNKU4P08vOT+vOD8nVc83PyU1x6OyILUoJzMv2y+/JJUBAhiZGBgqihhk0NSjKDWzXb3RdlLBUSYGJk8GtpzUvPSSDB8G5tKinBIGIZ+sxLJE/ZzEvHT94JKizLx0a6BxUmjGOUNodHsLgAz2EgYZ/dzEvMT0VP3k/NyC0pLUIn2NpNLMnBLdzDxNfQB9z6/O0QAAAA==[0mJenkins in /var/jenkins_home/workspace/web-ui automation tests
[8mha:////4N7pT5rmqmbLvcSM/83ZQbUOFRSgurB9IZiC2xYdP+2yAAAApR+LCAAAAAAAAP9tjTEOwjAUQ3+KOrAycoh0gA0xsUZZOEFIQkgb/d8mKe3EibgadyBQiQlLlmxL1nu+oE4RjhQdby12HpP2vA+jK4lPFLtroIm3dOGaMFGwXNpJkrGnpUrKFhaxClYC1hZ1oOTRZdiIVt1VExS65pxj2Q4CKm8GeAAThZxVzN8yR9jeRpMIf5y/AJj7DGxXvP/86jfoP95RwAAAAA==[0m[Pipeline] {
[8mha:////4HieURhCKaY8XeTlYcVKy4MN28X/fW/Ye6Dg9+NNb90uAAAApR+LCAAAAAAAAP9tjTEOwjAUQ3+KOrAycoh0gQkxsUZZOEFIQkgb/d8mKe3EibgadyBQiQlLlmxL1nu+oE4RjhQdby12HpP2vA+jK4lPFLtroIm3dOGaMFGwXNpJkrGnpUrKFhaxClYC1hZ1oOTRZdiIVt1VExS65pxj2Q4CKm8GeAAThZxVzN8yR9jeRpMIf5y/AJj7DGxXvP/86jc09154wAAAAA==[0m[Pipeline] stage
[8mha:////4G7vxwlo8zq62UeiqVhB7jY1RFzjOZMgZSrhtusUQqxXAAAApR+LCAAAAAAAAP9tjTEOwjAUQ3+KOrAycoh0ggUxsUZZOEFIQkgb/d8mKe3EibgadyBQiQlLlmxL1nu+oE4RjhQdby12HpP2vA+jK4lPFLtroIm3dOGaMFGwXNpJkrGnpUrKFhaxClYC1hZ1oOTRZdiIVt1VExS65pxj2Q4CKm8GeAAThZxVzN8yR9jeRpMIf5y/AJj7DGxXvP/86jek7ggRwAAAAA==[0m[Pipeline] { (checkout)
[8mha:////4LFsx75kGytnbGiDi+2IyQdeVDV2QftKxw5qohZPvFJrAAAAoh+LCAAAAAAAAP9tjTEOAiEURD9rLGwtPQTbaWGsbAmNJ0AWEZb8zwLrbuWJvJp3kLiJlZNMMm+a93rDOic4UbLcG+wdZu14DKOti0+U+lugiXu6ck2YKRguzSSpM+cFJRUDS1gDKwEbgzpQdmgLbIVXD9UGhba9lFS/o4DGdQM8gYlqLiqVL8wJdvexy4Q/z18BzLEA29ce4gfg7KmOvAAAAA==[0m[Pipeline] git
The recommended git tool is: NONE
No credentials specified
 > git rev-parse --resolve-git-dir /var/jenkins_home/workspace/web-ui automation tests/.git # timeout=10
Fetching changes from the remote Git repository
 > git config remote.origin.url https://github.com/Fatalwgx/cvwebsite-automation-tests # timeout=10
Fetching upstream changes from https://github.com/Fatalwgx/cvwebsite-automation-tests
 > git --version # timeout=10
 > git --version # 'git version 2.30.2'
 > git fetch --tags --force --progress -- https://github.com/Fatalwgx/cvwebsite-automation-tests +refs/heads/*:refs/remotes/origin/* # timeout=10
 > git rev-parse refs/remotes/origin/master^{commit} # timeout=10
Checking out Revision 779bd021a4e75a54b57a826f6d091cc6f6714999 (refs/remotes/origin/master)
 > git config core.sparsecheckout # timeout=10
 > git checkout -f 779bd021a4e75a54b57a826f6d091cc6f6714999 # timeout=10
 > git branch -a -v --no-abbrev # timeout=10
 > git branch -D master # timeout=10
 > git checkout -b master 779bd021a4e75a54b57a826f6d091cc6f6714999 # timeout=10
Commit message: "selenoid capabilities fixture autouse set to True"
 > git rev-list --no-walk 779bd021a4e75a54b57a826f6d091cc6f6714999 # timeout=10
[8mha:////4OTvoH0qmSkW0AUK+EqLJib4CDbM0uMYmDNBmnGEyOgqAAAAoh+LCAAAAAAAAP9tjTEOAiEURD9rLGwtPQTbGRNjZUtoPAGyiLDkfxZYdytP5NW8g8RNrJxkknnTvNcb1jnBiZLl3mDvMGvHYxhtXXyi1N8CTdzTlWvCTMFwaSZJnTkvKKkYWMIaWAnYGNSBskNbYCu8eqg2KLTtpaT6HQU0rhvgCUxUc1GpfGFOsLuPXSb8ef4KYI6xADvU7j9Dg2gqvAAAAA==[0m[Pipeline] }
[8mha:////4M+bWZwGAe5LdF6zWKAg50C+4LHxMjq7KswGa3lAQsnrAAAAoh+LCAAAAAAAAP9tjTEOAiEURD9rLGwtPQRbWRhjZUtoPAGyiLDkfxZYdytP5NW8g8RNrJxkknnTvNcb1jnBiZLl3mDvMGvHYxhtXXyi1N8CTdzTlWvCTMFwaSZJnTkvKKkYWMIaWAnYGNSBskNbYCu8eqg2KLTtpaT6HQU0rhvgCUxUc1GpfGFOsLuPXSb8ef4KYI6xADvU7j9J+wGOvAAAAA==[0m[Pipeline] // stage
[8mha:////4Gz4pYzjVO1aPtie40eio3FcL+piICEb2nKXwcZEPyjXAAAAph+LCAAAAAAAAP9tjTEOwjAQBM9BKWgpeYQDEh2iorXc8AITG+PEugv2haTiRXyNPxCIRMVWOyut5vmCMic4UPKycdgGzHWQXez91ORAqb1EGmRDZ1kTZopOajdosu44oyZ2MEcUsFCwdFhHygE9w0o15m6qaNBXJ07TtldQBHuDBwg1mdkk/sKYYH3tbSb8ef4KYOwYxI6h2G4+x/INtuQqUcEAAAA=[0m[Pipeline] stage
[8mha:////4ObIJr3HdheyVxK+2JTu/ob8/daHGKVQEe3DD/LeCEC7AAAApR+LCAAAAAAAAP9tjTEOwjAUQ3+DOrAycoiUzoiJNerCCUITQtLo/zZJSSdOxNW4Ay2VmPBg2Zas93pDGQOcKBjuNHYWY2t570czJ54pdDdPmTu68pYwkte80bkhpc9rbShpWFUw2AjYamw9RYsmwU44+ZCVl2iqSwrzdhTArBrgCYWYyUmG9C1TgP19VJHwx/kLgKlPwOrDYvXyLD8BobDcwgAAAA==[0m[Pipeline] { (set-env)
[8mha:////4P9u4wcbskH7kBEZ2yAJn5BXkcbvmZx96ecduGCF3V6lAAAAox+LCAAAAAAAAP9tjTESwiAURH/iWNhaeggysXWsbBkaT4AJIoT5nwCRVJ7Iq3kH0cxYucXOvm3e8wXrGOBIQTOrcDAYO8O8m3RZLFMYro4ys3RhHWEkp5hQWVCvTgsKSgqWVDWsOGwUdo6iQZ1gy628y8ZJ1M05hfIdONSmH+EBFS/mJEP6whxgd5v6SPjz/BXA7BPUbfupvX8DpQJrNb4AAAA=[0m[Pipeline] sh
+ echo REMOTE_DRV=http://selenoid:4444/wd/hub
[8mha:////4PwYTNhqn82nAhVgfzX3SH1y7xYjehIwKURYEddoobFbAAAAox+LCAAAAAAAAP9tjTESwiAURH/iWNhaeggyGUvHypah8QSYIEKY/wkQSeWJvJp3EM2MlVvs7NvmPV+wjgGOFDSzCgeDsTPMu0mXxTKF4eooM0sX1hFGcooJlQX16rSgoKRgSVXDisNGYecoGtQJttzKu2ycRN2cUyjfgUNt+hEeUPFiTjKkL8wBdrepj4Q/z18BzD5B3baf2vs35DNwLL4AAAA=[0m[Pipeline] sh
+ echo WEB_URL=http://api:80
[8mha:////4NpVkSvm3JESbuLmsOJzZNA6CGTdsVsU8Xs4NQTXwxE/AAAApB+LCAAAAAAAAP9tjbEOwiAURV9rHFwd/QiaJm7GyZWw+AXYIkLJexSodPKL/DX/QbSJk3e4uecu5/mCdQxwpKCZVTgYjJ1h3k26LJYpDFdHmVm6sI4wklNMqCyoV6cFBSUFS6oaVhw2CjtH0aBOsOVW3mXjJOrmnEL5Dhxq04/wgIoXc5IhfWEOsLtNfST8ef4KYPY+Qd3uP9W+ATnVfPq+AAAA[0m[Pipeline] }
[8mha:////4Blo2Om2y0vkC3uMy4ookr+tPCkh4pBw8xjoKaty1Y88AAAApB+LCAAAAAAAAP9tjTEOwjAQBC9BFLSUPOICBRWiSmu54QUmNsaJdWdsh6TiRXyNPxCIRMUWq51t5vmCZYpw5GixNdQ5So3D4Hs7LRw4dhfPA7Z8xoYpsTcozSBZm3pGydnAnKKEhYCVocZzcmQzrEWr7qryimx1ynH6DgJKp2/wgEJM5qxi/sIYYXPtdWL6ef4KYAwhQ7nbf2r7Bgo2J0a+AAAA[0m[Pipeline] // stage
[8mha:////4OTTJnd/Q7Z/RtIL8FJQ8e+KSuWPC/pe9Iw3fc6eO+V+AAAApx+LCAAAAAAAAP9tjTEOwjAQBM9BKWgpeYQjJESDqGgtN7zAxMY4se6CfSGpeBFf4w8EIlGx1c5Kq3m+oMwJDpS8bBy2AXMdZBd7PzU5UGovkQbZ0FnWhJmik9oNmqw7zqiJHcwRBSwULB3WkXJAz7BSjbmbKhr01YnTtO0VFMHe4AFCTWY2ib8wJlhfe5sJf56/Ahg7BrFlKDa7z7F8A6sHc4fBAAAA[0m[Pipeline] stage
[8mha:////4CtRvskExRegMNI9nAtykz/yWxugrQ3/RegwZ0ynGm3xAAAApx+LCAAAAAAAAP9tjTEOwjAUQ3+LOrAycohULDAgpq5RFk4QmhDSRv+Xn5R24kRcjTvQUokJD5ZtyXqvNxSR4UTsRGOx9RhrL7rQuymJgbi9BhpEQxdRE0YKVig7KDK2WqqiZGFRlsNKwtpiHSh6dAk2stEPXQaNrjwnnrajhNybOzwhkxM5aU7fMjJsb72JhD/OXwCMXYJ8t5/tMD+LD1+IXOLCAAAA[0m[Pipeline] { (test execution)
[8mha:////4CXed1YU+HgSh/eI1xaiiSzJ8K3oxu8hjQUcxvBIKUGOAAAApx+LCAAAAAAAAP9tjTEOwjAUQ3+LOrAycohUTCAhpq5RFk4QmhDSRv+Xn5R24kRcjTvQUokJD5ZtyXqvNxSR4UTsRGOx9RhrL7rQuymJgbi9BhpEQxdRE0YKVig7KDK2WqqiZGFRlsNKwtpiHSh6dAk2stEPXQaNrjwnnrajhNybOzwhkxM5aU7fMjJsb72JhD/OXwCMXYJ8t5/tMD+LD0rlhNLCAAAA[0m[Pipeline] catchError
[8mha:////4H0H9qyMJObSKUklKQqwDDyDZ6U/fPNaBOiZPoYpRkCqAAAApx+LCAAAAAAAAP9tjTEOwjAUQ3+LOrAycohUbCDE1DXKwglCE0La6P/yk9JOnIircQdaKjHhwbItWe/1hiIynIidaCy2HmPtRRd6NyUxELfXQINo6CJqwkjBCmUHRcZWS1WULCzKclhJWFusA0WPLsFGNvqhy6DRlefE03aUkHtzhydkciInzelbRobtrTeR8Mf5C4CxS5Dv9rMd5mfxASnCIIrCAAAA[0m[Pipeline] {
[8mha:////4NI2vuMx0cfzkFZDFFrZvc6GxtO9FAH/k0C2F9Nb7dBfAAAApB+LCAAAAAAAAP9tjTEOwjAQBC9BFLSUPOICdAilorXc8AKTGOPEugu2g1PxIr7GH7CIRMUWq51t5vWGZfBQszfYaeothcbi4EaTFyb2/dVxwo4v2DAFdhqlTpJbfZpRctQwpyhhIWClqXEcLJkIa9Gph6qcIlOdo8/fUUBp2zs8oRDZHJWPX5g8bG5jG5h+nr8CmIYI5e6Qa78dPhmQ9Da+AAAA[0m[Pipeline] sh
+ pytest ./tests/web-ui/ --alluredir=allure-results
============================= test session starts ==============================
platform linux -- Python 3.9.2, pytest-7.3.1, pluggy-1.0.0
rootdir: /var/jenkins_home/workspace/web-ui automation tests
configfile: pytest.ini
plugins: allure-pytest-2.13.2
collected 1 item

tests/web-ui/test_cv_page.py E                                           [100%]

==================================== ERRORS ====================================
_________________ ERROR at setup of test_cv_header_is_present __________________

self = <urllib3.connection.HTTPConnection object at 0x7f95813f9940>

    def _new_conn(self) -> socket.socket:
        """Establish a socket connection and set nodelay settings on it.
    
        :return: New socket connection.
        """
        try:
>           sock = connection.create_connection(
                (self._dns_host, self.port),
                self.timeout,
                source_address=self.source_address,
                socket_options=self.socket_options,
            )

/usr/local/lib/python3.9/dist-packages/urllib3/connection.py:200: 
_ _ _ _ _ _ _ _ _ _ _ _ _ _ _ _ _ _ _ _ _ _ _ _ _ _ _ _ _ _ _ _ _ _ _ _ _ _ _ _ 

address = ('none', 80), timeout = None, source_address = None
socket_options = [(6, 1, 1)]

    def create_connection(
        address: tuple[str, int],
        timeout: _TYPE_TIMEOUT = _DEFAULT_TIMEOUT,
        source_address: tuple[str, int] | None = None,
        socket_options: _TYPE_SOCKET_OPTIONS | None = None,
    ) -> socket.socket:
        """Connect to *address* and return the socket object.
    
        Convenience function.  Connect to *address* (a 2-tuple ``(host,
        port)``) and return the socket object.  Passing the optional
        *timeout* parameter will set the timeout on the socket instance
        before attempting to connect.  If no *timeout* is supplied, the
        global default timeout setting returned by :func:`socket.getdefaulttimeout`
        is used.  If *source_address* is set it must be a tuple of (host, port)
        for the socket to bind as a source address before making the connection.
        An host of '' or port 0 tells the OS to use the default.
        """
    
        host, port = address
        if host.startswith("["):
            host = host.strip("[]")
        err = None
    
        # Using the value from allowed_gai_family() in the context of getaddrinfo lets
        # us select whether to work with IPv4 DNS records, IPv6 records, or both.
        # The original create_connection function always returns all records.
        family = allowed_gai_family()
    
        try:
            host.encode("idna")
        except UnicodeError:
            raise LocationParseError(f"'{host}', label empty or too long") from None
    
>       for res in socket.getaddrinfo(host, port, family, socket.SOCK_STREAM):

/usr/local/lib/python3.9/dist-packages/urllib3/util/connection.py:60: 
_ _ _ _ _ _ _ _ _ _ _ _ _ _ _ _ _ _ _ _ _ _ _ _ _ _ _ _ _ _ _ _ _ _ _ _ _ _ _ _ 

host = 'none', port = 80, family = <AddressFamily.AF_INET: 2>
type = <SocketKind.SOCK_STREAM: 1>, proto = 0, flags = 0

    def getaddrinfo(host, port, family=0, type=0, proto=0, flags=0):
        """Resolve host and port into list of address info entries.
    
        Translate the host/port argument into a sequence of 5-tuples that contain
        all the necessary arguments for creating a socket connected to that service.
        host is a domain name, a string representation of an IPv4/v6 address or
        None. port is a string service name such as 'http', a numeric port number or
        None. By passing None as the value of host and port, you can pass NULL to
        the underlying C API.
    
        The family, type and proto arguments can be optionally specified in order to
        narrow the list of addresses returned. Passing zero as a value for each of
        these arguments selects the full range of results.
        """
        # We override this function since we want to translate the numeric family
        # and socket type values to enum constants.
        addrlist = []
>       for res in _socket.getaddrinfo(host, port, family, type, proto, flags):
E       socket.gaierror: [Errno -3] Temporary failure in name resolution

/usr/lib/python3.9/socket.py:953: gaierror

The above exception was the direct cause of the following exception:

self = <urllib3.connectionpool.HTTPConnectionPool object at 0x7f9581460610>
method = 'POST', url = '/session'
body = '{"capabilities": {"firstMatch": [{}], "alwaysMatch": {"browserName": "chrome", "pageLoadStrategy": "normal", "browser...: {"enableVNC": true, "enableVideo": true, "enableLog": true}, "goog:chromeOptions": {"extensions": [], "args": []}}}}'
headers = HTTPHeaderDict({'Accept': 'application/json', 'Content-Type': 'application/json;charset=UTF-8', 'User-Agent': 'selenium/4.9.1 (python linux)', 'Connection': 'keep-alive'})
retries = Retry(total=0, connect=None, read=None, redirect=None, status=None)
redirect = False, assert_same_host = False, timeout = <_TYPE_DEFAULT.token: -1>
pool_timeout = None, release_conn = True, chunked = False, body_pos = None
preload_content = True, decode_content = True, response_kw = {}
parsed_url = Url(scheme=None, auth=None, host=None, port=None, path='/session', query=None, fragment=None)
destination_scheme = None, conn = None, release_this_conn = True
http_tunnel_required = False, err = None, clean_exit = False

    def urlopen(  # type: ignore[override]
        self,
        method: str,
        url: str,
        body: _TYPE_BODY | None = None,
        headers: typing.Mapping[str, str] | None = None,
        retries: Retry | bool | int | None = None,
        redirect: bool = True,
        assert_same_host: bool = True,
        timeout: _TYPE_TIMEOUT = _DEFAULT_TIMEOUT,
        pool_timeout: int | None = None,
        release_conn: bool | None = None,
        chunked: bool = False,
        body_pos: _TYPE_BODY_POSITION | None = None,
        preload_content: bool = True,
        decode_content: bool = True,
        **response_kw: typing.Any,
    ) -> BaseHTTPResponse:
        """
        Get a connection from the pool and perform an HTTP request. This is the
        lowest level call for making a request, so you'll need to specify all
        the raw details.
    
        .. note::
    
           More commonly, it's appropriate to use a convenience method
           such as :meth:`request`.
    
        .. note::
    
           `release_conn` will only behave as expected if
           `preload_content=False` because we want to make
           `preload_content=False` the default behaviour someday soon without
           breaking backwards compatibility.
    
        :param method:
            HTTP request method (such as GET, POST, PUT, etc.)
    
        :param url:
            The URL to perform the request on.
    
        :param body:
            Data to send in the request body, either :class:`str`, :class:`bytes`,
            an iterable of :class:`str`/:class:`bytes`, or a file-like object.
    
        :param headers:
            Dictionary of custom headers to send, such as User-Agent,
            If-None-Match, etc. If None, pool headers are used. If provided,
            these headers completely replace any pool-specific headers.
    
        :param retries:
            Configure the number of retries to allow before raising a
            :class:`~urllib3.exceptions.MaxRetryError` exception.
    
            Pass ``None`` to retry until you receive a response. Pass a
            :class:`~urllib3.util.retry.Retry` object for fine-grained control
            over different types of retries.
            Pass an integer number to retry connection errors that many times,
            but no other types of errors. Pass zero to never retry.
    
            If ``False``, then retries are disabled and any exception is raised
            immediately. Also, instead of raising a MaxRetryError on redirects,
            the redirect response will be returned.
    
        :type retries: :class:`~urllib3.util.retry.Retry`, False, or an int.
    
        :param redirect:
            If True, automatically handle redirects (status codes 301, 302,
            303, 307, 308). Each redirect counts as a retry. Disabling retries
            will disable redirect, too.
    
        :param assert_same_host:
            If ``True``, will make sure that the host of the pool requests is
            consistent else will raise HostChangedError. When ``False``, you can
            use the pool on an HTTP proxy and request foreign hosts.
    
        :param timeout:
            If specified, overrides the default timeout for this one
            request. It may be a float (in seconds) or an instance of
            :class:`urllib3.util.Timeout`.
    
        :param pool_timeout:
            If set and the pool is set to block=True, then this method will
            block for ``pool_timeout`` seconds and raise EmptyPoolError if no
            connection is available within the time period.
    
        :param bool preload_content:
            If True, the response's body will be preloaded into memory.
    
        :param bool decode_content:
            If True, will attempt to decode the body based on the
            'content-encoding' header.
    
        :param release_conn:
            If False, then the urlopen call will not release the connection
            back into the pool once a response is received (but will release if
            you read the entire contents of the response such as when
            `preload_content=True`). This is useful if you're not preloading
            the response's content immediately. You will need to call
            ``r.release_conn()`` on the response ``r`` to return the connection
            back into the pool. If None, it takes the value of ``preload_content``
            which defaults to ``True``.
    
        :param bool chunked:
            If True, urllib3 will send the body using chunked transfer
            encoding. Otherwise, urllib3 will send the body using the standard
            content-length form. Defaults to False.
    
        :param int body_pos:
            Position to seek to in file-like body in the event of a retry or
            redirect. Typically this won't need to be set because urllib3 will
            auto-populate the value when needed.
        """
        parsed_url = parse_url(url)
        destination_scheme = parsed_url.scheme
    
        if headers is None:
            headers = self.headers
    
        if not isinstance(retries, Retry):
            retries = Retry.from_int(retries, redirect=redirect, default=self.retries)
    
        if release_conn is None:
            release_conn = preload_content
    
        # Check host
        if assert_same_host and not self.is_same_host(url):
            raise HostChangedError(self, url, retries)
    
        # Ensure that the URL we're connecting to is properly encoded
        if url.startswith("/"):
            url = to_str(_encode_target(url))
        else:
            url = to_str(parsed_url.url)
    
        conn = None
    
        # Track whether `conn` needs to be released before
        # returning/raising/recursing. Update this variable if necessary, and
        # leave `release_conn` constant throughout the function. That way, if
        # the function recurses, the original value of `release_conn` will be
        # passed down into the recursive call, and its value will be respected.
        #
        # See issue #651 [1] for details.
        #
        # [1] <https://github.com/urllib3/urllib3/issues/651>
        release_this_conn = release_conn
    
        http_tunnel_required = connection_requires_http_tunnel(
            self.proxy, self.proxy_config, destination_scheme
        )
    
        # Merge the proxy headers. Only done when not using HTTP CONNECT. We
        # have to copy the headers dict so we can safely change it without those
        # changes being reflected in anyone else's copy.
        if not http_tunnel_required:
            headers = headers.copy()  # type: ignore[attr-defined]
            headers.update(self.proxy_headers)  # type: ignore[union-attr]
    
        # Must keep the exception bound to a separate variable or else Python 3
        # complains about UnboundLocalError.
        err = None
    
        # Keep track of whether we cleanly exited the except block. This
        # ensures we do proper cleanup in finally.
        clean_exit = False
    
        # Rewind body position, if needed. Record current position
        # for future rewinds in the event of a redirect/retry.
        body_pos = set_file_position(body, body_pos)
    
        try:
            # Request a connection from the queue.
            timeout_obj = self._get_timeout(timeout)
            conn = self._get_conn(timeout=pool_timeout)
    
            conn.timeout = timeout_obj.connect_timeout  # type: ignore[assignment]
    
            # Is this a closed/new connection that requires CONNECT tunnelling?
            if self.proxy is not None and http_tunnel_required and conn.is_closed:
                try:
                    self._prepare_proxy(conn)
                except (BaseSSLError, OSError, SocketTimeout) as e:
                    self._raise_timeout(
                        err=e, url=self.proxy.url, timeout_value=conn.timeout
                    )
                    raise
    
            # If we're going to release the connection in ``finally:``, then
            # the response doesn't need to know about the connection. Otherwise
            # it will also try to release it and we'll have a double-release
            # mess.
            response_conn = conn if not release_conn else None
    
            # Make the request on the HTTPConnection object
>           response = self._make_request(
                conn,
                method,
                url,
                timeout=timeout_obj,
                body=body,
                headers=headers,
                chunked=chunked,
                retries=retries,
                response_conn=response_conn,
                preload_content=preload_content,
                decode_content=decode_content,
                **response_kw,
            )

/usr/local/lib/python3.9/dist-packages/urllib3/connectionpool.py:790: 
_ _ _ _ _ _ _ _ _ _ _ _ _ _ _ _ _ _ _ _ _ _ _ _ _ _ _ _ _ _ _ _ _ _ _ _ _ _ _ _ 

self = <urllib3.connectionpool.HTTPConnectionPool object at 0x7f9581460610>
conn = <urllib3.connection.HTTPConnection object at 0x7f95813f9940>
method = 'POST', url = '/session'
body = '{"capabilities": {"firstMatch": [{}], "alwaysMatch": {"browserName": "chrome", "pageLoadStrategy": "normal", "browser...: {"enableVNC": true, "enableVideo": true, "enableLog": true}, "goog:chromeOptions": {"extensions": [], "args": []}}}}'
headers = HTTPHeaderDict({'Accept': 'application/json', 'Content-Type': 'application/json;charset=UTF-8', 'User-Agent': 'selenium/4.9.1 (python linux)', 'Connection': 'keep-alive'})
retries = Retry(total=0, connect=None, read=None, redirect=None, status=None)
timeout = Timeout(connect=None, read=None, total=None), chunked = False
response_conn = None, preload_content = True, decode_content = True
enforce_content_length = True

    def _make_request(
        self,
        conn: BaseHTTPConnection,
        method: str,
        url: str,
        body: _TYPE_BODY | None = None,
        headers: typing.Mapping[str, str] | None = None,
        retries: Retry | None = None,
        timeout: _TYPE_TIMEOUT = _DEFAULT_TIMEOUT,
        chunked: bool = False,
        response_conn: BaseHTTPConnection | None = None,
        preload_content: bool = True,
        decode_content: bool = True,
        enforce_content_length: bool = True,
    ) -> BaseHTTPResponse:
        """
        Perform a request on a given urllib connection object taken from our
        pool.
    
        :param conn:
            a connection from one of our connection pools
    
        :param method:
            HTTP request method (such as GET, POST, PUT, etc.)
    
        :param url:
            The URL to perform the request on.
    
        :param body:
            Data to send in the request body, either :class:`str`, :class:`bytes`,
            an iterable of :class:`str`/:class:`bytes`, or a file-like object.
    
        :param headers:
            Dictionary of custom headers to send, such as User-Agent,
            If-None-Match, etc. If None, pool headers are used. If provided,
            these headers completely replace any pool-specific headers.
    
        :param retries:
            Configure the number of retries to allow before raising a
            :class:`~urllib3.exceptions.MaxRetryError` exception.
    
            Pass ``None`` to retry until you receive a response. Pass a
            :class:`~urllib3.util.retry.Retry` object for fine-grained control
            over different types of retries.
            Pass an integer number to retry connection errors that many times,
            but no other types of errors. Pass zero to never retry.
    
            If ``False``, then retries are disabled and any exception is raised
            immediately. Also, instead of raising a MaxRetryError on redirects,
            the redirect response will be returned.
    
        :type retries: :class:`~urllib3.util.retry.Retry`, False, or an int.
    
        :param timeout:
            If specified, overrides the default timeout for this one
            request. It may be a float (in seconds) or an instance of
            :class:`urllib3.util.Timeout`.
    
        :param chunked:
            If True, urllib3 will send the body using chunked transfer
            encoding. Otherwise, urllib3 will send the body using the standard
            content-length form. Defaults to False.
    
        :param response_conn:
            Set this to ``None`` if you will handle releasing the connection or
            set the connection to have the response release it.
    
        :param preload_content:
          If True, the response's body will be preloaded during construction.
    
        :param decode_content:
            If True, will attempt to decode the body based on the
            'content-encoding' header.
    
        :param enforce_content_length:
            Enforce content length checking. Body returned by server must match
            value of Content-Length header, if present. Otherwise, raise error.
        """
        self.num_requests += 1
    
        timeout_obj = self._get_timeout(timeout)
        timeout_obj.start_connect()
        conn.timeout = Timeout.resolve_default_timeout(timeout_obj.connect_timeout)
    
        try:
            # Trigger any extra validation we need to do.
            try:
                self._validate_conn(conn)
            except (SocketTimeout, BaseSSLError) as e:
                self._raise_timeout(err=e, url=url, timeout_value=conn.timeout)
                raise
    
        # _validate_conn() starts the connection to an HTTPS proxy
        # so we need to wrap errors with 'ProxyError' here too.
        except (
            OSError,
            NewConnectionError,
            TimeoutError,
            BaseSSLError,
            CertificateError,
            SSLError,
        ) as e:
            new_e: Exception = e
            if isinstance(e, (BaseSSLError, CertificateError)):
                new_e = SSLError(e)
            # If the connection didn't successfully connect to it's proxy
            # then there
            if isinstance(
                new_e, (OSError, NewConnectionError, TimeoutError, SSLError)
            ) and (conn and conn.proxy and not conn.has_connected_to_proxy):
                new_e = _wrap_proxy_error(new_e, conn.proxy.scheme)
            raise new_e
    
        # conn.request() calls http.client.*.request, not the method in
        # urllib3.request. It also calls makefile (recv) on the socket.
        try:
>           conn.request(
                method,
                url,
                body=body,
                headers=headers,
                chunked=chunked,
                preload_content=preload_content,
                decode_content=decode_content,
                enforce_content_length=enforce_content_length,
            )

/usr/local/lib/python3.9/dist-packages/urllib3/connectionpool.py:496: 
_ _ _ _ _ _ _ _ _ _ _ _ _ _ _ _ _ _ _ _ _ _ _ _ _ _ _ _ _ _ _ _ _ _ _ _ _ _ _ _ 

self = <urllib3.connection.HTTPConnection object at 0x7f95813f9940>
method = 'POST', url = '/session'
body = '{"capabilities": {"firstMatch": [{}], "alwaysMatch": {"browserName": "chrome", "pageLoadStrategy": "normal", "browser...: {"enableVNC": true, "enableVideo": true, "enableLog": true}, "goog:chromeOptions": {"extensions": [], "args": []}}}}'
headers = HTTPHeaderDict({'Accept': 'application/json', 'Content-Type': 'application/json;charset=UTF-8', 'User-Agent': 'selenium/4.9.1 (python linux)', 'Connection': 'keep-alive'})

    def request(  # type: ignore[override]
        self,
        method: str,
        url: str,
        body: _TYPE_BODY | None = None,
        headers: typing.Mapping[str, str] | None = None,
        *,
        chunked: bool = False,
        preload_content: bool = True,
        decode_content: bool = True,
        enforce_content_length: bool = True,
    ) -> None:
        # Update the inner socket's timeout value to send the request.
        # This only triggers if the connection is re-used.
        if self.sock is not None:
            self.sock.settimeout(self.timeout)
    
        # Store these values to be fed into the HTTPResponse
        # object later. TODO: Remove this in favor of a real
        # HTTP lifecycle mechanism.
    
        # We have to store these before we call .request()
        # because sometimes we can still salvage a response
        # off the wire even if we aren't able to completely
        # send the request body.
        self._response_options = _ResponseOptions(
            request_method=method,
            request_url=url,
            preload_content=preload_content,
            decode_content=decode_content,
            enforce_content_length=enforce_content_length,
        )
    
        if headers is None:
            headers = {}
        header_keys = frozenset(to_str(k.lower()) for k in headers)
        skip_accept_encoding = "accept-encoding" in header_keys
        skip_host = "host" in header_keys
        self.putrequest(
            method, url, skip_accept_encoding=skip_accept_encoding, skip_host=skip_host
        )
    
        # Transform the body into an iterable of sendall()-able chunks
        # and detect if an explicit Content-Length is doable.
        chunks_and_cl = body_to_chunks(body, method=method, blocksize=self.blocksize)
        chunks = chunks_and_cl.chunks
        content_length = chunks_and_cl.content_length
    
        # When chunked is explicit set to 'True' we respect that.
        if chunked:
            if "transfer-encoding" not in header_keys:
                self.putheader("Transfer-Encoding", "chunked")
        else:
            # Detect whether a framing mechanism is already in use. If so
            # we respect that value, otherwise we pick chunked vs content-length
            # depending on the type of 'body'.
            if "content-length" in header_keys:
                chunked = False
            elif "transfer-encoding" in header_keys:
                chunked = True
    
            # Otherwise we go off the recommendation of 'body_to_chunks()'.
            else:
                chunked = False
                if content_length is None:
                    if chunks is not None:
                        chunked = True
                        self.putheader("Transfer-Encoding", "chunked")
                else:
                    self.putheader("Content-Length", str(content_length))
    
        # Now that framing headers are out of the way we send all the other headers.
        if "user-agent" not in header_keys:
            self.putheader("User-Agent", _get_default_user_agent())
        for header, value in headers.items():
            self.putheader(header, value)
>       self.endheaders()

/usr/local/lib/python3.9/dist-packages/urllib3/connection.py:388: 
_ _ _ _ _ _ _ _ _ _ _ _ _ _ _ _ _ _ _ _ _ _ _ _ _ _ _ _ _ _ _ _ _ _ _ _ _ _ _ _ 

self = <urllib3.connection.HTTPConnection object at 0x7f95813f9940>
message_body = None

    def endheaders(self, message_body=None, *, encode_chunked=False):
        """Indicate that the last header line has been sent to the server.
    
        This method sends the request to the server.  The optional message_body
        argument can be used to pass a message body associated with the
        request.
        """
        if self.__state == _CS_REQ_STARTED:
            self.__state = _CS_REQ_SENT
        else:
            raise CannotSendHeader()
>       self._send_output(message_body, encode_chunked=encode_chunked)

/usr/lib/python3.9/http/client.py:1250: 
_ _ _ _ _ _ _ _ _ _ _ _ _ _ _ _ _ _ _ _ _ _ _ _ _ _ _ _ _ _ _ _ _ _ _ _ _ _ _ _ 

self = <urllib3.connection.HTTPConnection object at 0x7f95813f9940>
message_body = None, encode_chunked = False

    def _send_output(self, message_body=None, encode_chunked=False):
        """Send the currently buffered request and clear the buffer.
    
        Appends an extra \\r\\n to the buffer.
        A message_body may be specified, to be appended to the request.
        """
        self._buffer.extend((b"", b""))
        msg = b"\r\n".join(self._buffer)
        del self._buffer[:]
>       self.send(msg)

/usr/lib/python3.9/http/client.py:1010: 
_ _ _ _ _ _ _ _ _ _ _ _ _ _ _ _ _ _ _ _ _ _ _ _ _ _ _ _ _ _ _ _ _ _ _ _ _ _ _ _ 

self = <urllib3.connection.HTTPConnection object at 0x7f95813f9940>
data = b'POST /session HTTP/1.1\r\nHost: none\r\nAccept-Encoding: identity\r\nContent-Length: 272\r\nAccept: application/json...nt-Type: application/json;charset=UTF-8\r\nUser-Agent: selenium/4.9.1 (python linux)\r\nConnection: keep-alive\r\n\r\n'

    def send(self, data):
        """Send `data' to the server.
        ``data`` can be a string object, a bytes object, an array object, a
        file-like object that supports a .read() method, or an iterable object.
        """
    
        if self.sock is None:
            if self.auto_open:
>               self.connect()

/usr/lib/python3.9/http/client.py:950: 
_ _ _ _ _ _ _ _ _ _ _ _ _ _ _ _ _ _ _ _ _ _ _ _ _ _ _ _ _ _ _ _ _ _ _ _ _ _ _ _ 

self = <urllib3.connection.HTTPConnection object at 0x7f95813f9940>

    def connect(self) -> None:
>       self.sock = self._new_conn()

/usr/local/lib/python3.9/dist-packages/urllib3/connection.py:236: 
_ _ _ _ _ _ _ _ _ _ _ _ _ _ _ _ _ _ _ _ _ _ _ _ _ _ _ _ _ _ _ _ _ _ _ _ _ _ _ _ 

self = <urllib3.connection.HTTPConnection object at 0x7f95813f9940>

    def _new_conn(self) -> socket.socket:
        """Establish a socket connection and set nodelay settings on it.
    
        :return: New socket connection.
        """
        try:
            sock = connection.create_connection(
                (self._dns_host, self.port),
                self.timeout,
                source_address=self.source_address,
                socket_options=self.socket_options,
            )
        except socket.gaierror as e:
>           raise NameResolutionError(self.host, self, e) from e
E           urllib3.exceptions.NameResolutionError: <urllib3.connection.HTTPConnection object at 0x7f95813f9940>: Failed to resolve 'none' ([Errno -3] Temporary failure in name resolution)

/usr/local/lib/python3.9/dist-packages/urllib3/connection.py:207: NameResolutionError

The above exception was the direct cause of the following exception:

request = <SubRequest 'setup_browser' for <Function test_cv_header_is_present>>

    @pytest.fixture(scope='function', autouse=True)
    def setup_browser(request):
        browser_version = request.config.getoption('--browser_version')
        browser_version = browser_version if browser_version != "" else DEFAULT_BROWSER_VERSION
        options = Options()
        selenoid_capabilities = {
            "browserName": "chrome",
            "browserVersion": browser_version,
            "selenoid:options": {
                "enableVNC": True,
                "enableVideo": True,
                "enableLog": True
            }
        }
        options.capabilities.update(selenoid_capabilities)
    
        remote_drv = os.getenv('REMOTE_DRV')
    
>       driver = webdriver.Remote(
            command_executor=f"{remote_drv}",
            options=options
        )

tests/conftest.py:58: 
_ _ _ _ _ _ _ _ _ _ _ _ _ _ _ _ _ _ _ _ _ _ _ _ _ _ _ _ _ _ _ _ _ _ _ _ _ _ _ _ 
/usr/local/lib/python3.9/dist-packages/selenium/webdriver/remote/webdriver.py:286: in __init__
    self.start_session(capabilities, browser_profile)
/usr/local/lib/python3.9/dist-packages/selenium/webdriver/remote/webdriver.py:378: in start_session
    response = self.execute(Command.NEW_SESSION, parameters)
/usr/local/lib/python3.9/dist-packages/selenium/webdriver/remote/webdriver.py:438: in execute
    response = self.command_executor.execute(driver_command, params)
/usr/local/lib/python3.9/dist-packages/selenium/webdriver/remote/remote_connection.py:290: in execute
    return self._request(command_info[0], url, body=data)
/usr/local/lib/python3.9/dist-packages/selenium/webdriver/remote/remote_connection.py:311: in _request
    response = self._conn.request(method, url, body=body, headers=headers)
/usr/local/lib/python3.9/dist-packages/urllib3/_request_methods.py:118: in request
    return self.request_encode_body(
/usr/local/lib/python3.9/dist-packages/urllib3/_request_methods.py:217: in request_encode_body
    return self.urlopen(method, url, **extra_kw)
/usr/local/lib/python3.9/dist-packages/urllib3/poolmanager.py:433: in urlopen
    response = conn.urlopen(method, u.request_uri, **kw)
/usr/local/lib/python3.9/dist-packages/urllib3/connectionpool.py:874: in urlopen
    return self.urlopen(
/usr/local/lib/python3.9/dist-packages/urllib3/connectionpool.py:874: in urlopen
    return self.urlopen(
/usr/local/lib/python3.9/dist-packages/urllib3/connectionpool.py:874: in urlopen
    return self.urlopen(
/usr/local/lib/python3.9/dist-packages/urllib3/connectionpool.py:844: in urlopen
    retries = retries.increment(
_ _ _ _ _ _ _ _ _ _ _ _ _ _ _ _ _ _ _ _ _ _ _ _ _ _ _ _ _ _ _ _ _ _ _ _ _ _ _ _ 

self = Retry(total=0, connect=None, read=None, redirect=None, status=None)
method = 'POST', url = '/session', response = None
error = NameResolutionError("<urllib3.connection.HTTPConnection object at 0x7f95813f9940>: Failed to resolve 'none' ([Errno -3] Temporary failure in name resolution)")
_pool = <urllib3.connectionpool.HTTPConnectionPool object at 0x7f9581460610>
_stacktrace = <traceback object at 0x7f9581412200>

    def increment(
        self,
        method: str | None = None,
        url: str | None = None,
        response: BaseHTTPResponse | None = None,
        error: Exception | None = None,
        _pool: ConnectionPool | None = None,
        _stacktrace: TracebackType | None = None,
    ) -> Retry:
        """Return a new Retry object with incremented retry counters.
    
        :param response: A response object, or None, if the server did not
            return a response.
        :type response: :class:`~urllib3.response.BaseHTTPResponse`
        :param Exception error: An error encountered during the request, or
            None if the response was received successfully.
    
        :return: A new ``Retry`` object.
        """
        if self.total is False and error:
            # Disabled, indicate to re-raise the error.
            raise reraise(type(error), error, _stacktrace)
    
        total = self.total
        if total is not None:
            total -= 1
    
        connect = self.connect
        read = self.read
        redirect = self.redirect
        status_count = self.status
        other = self.other
        cause = "unknown"
        status = None
        redirect_location = None
    
        if error and self._is_connection_error(error):
            # Connect retry?
            if connect is False:
                raise reraise(type(error), error, _stacktrace)
            elif connect is not None:
                connect -= 1
    
        elif error and self._is_read_error(error):
            # Read retry?
            if read is False or method is None or not self._is_method_retryable(method):
                raise reraise(type(error), error, _stacktrace)
            elif read is not None:
                read -= 1
    
        elif error:
            # Other retry?
            if other is not None:
                other -= 1
    
        elif response and response.get_redirect_location():
            # Redirect retry?
            if redirect is not None:
                redirect -= 1
            cause = "too many redirects"
            response_redirect_location = response.get_redirect_location()
            if response_redirect_location:
                redirect_location = response_redirect_location
            status = response.status
    
        else:
            # Incrementing because of a server error like a 500 in
            # status_forcelist and the given method is in the allowed_methods
            cause = ResponseError.GENERIC_ERROR
            if response and response.status:
                if status_count is not None:
                    status_count -= 1
                cause = ResponseError.SPECIFIC_ERROR.format(status_code=response.status)
                status = response.status
    
        history = self.history + (
            RequestHistory(method, url, error, status, redirect_location),
        )
    
        new_retry = self.new(
            total=total,
            connect=connect,
            read=read,
            redirect=redirect,
            status=status_count,
            other=other,
            history=history,
        )
    
        if new_retry.is_exhausted():
            reason = error or ResponseError(cause)
>           raise MaxRetryError(_pool, url, reason) from reason  # type: ignore[arg-type]
E           urllib3.exceptions.MaxRetryError: HTTPConnectionPool(host='none', port=80): Max retries exceeded with url: /session (Caused by NameResolutionError("<urllib3.connection.HTTPConnection object at 0x7f95813f9940>: Failed to resolve 'none' ([Errno -3] Temporary failure in name resolution)"))

/usr/local/lib/python3.9/dist-packages/urllib3/util/retry.py:515: MaxRetryError
------------------------------ Captured log setup ------------------------------
WARNING  urllib3.connectionpool:connectionpool.py:871 Retrying (Retry(total=2, connect=None, read=None, redirect=None, status=None)) after connection broken by 'NameResolutionError("<urllib3.connection.HTTPConnection object at 0x7f9581460970>: Failed to resolve 'none' ([Errno -3] Temporary failure in name resolution)")': /session
WARNING  urllib3.connectionpool:connectionpool.py:871 Retrying (Retry(total=1, connect=None, read=None, redirect=None, status=None)) after connection broken by 'NameResolutionError("<urllib3.connection.HTTPConnection object at 0x7f9581460cd0>: Failed to resolve 'none' ([Errno -3] Temporary failure in name resolution)")': /session
WARNING  urllib3.connectionpool:connectionpool.py:871 Retrying (Retry(total=0, connect=None, read=None, redirect=None, status=None)) after connection broken by 'NameResolutionError("<urllib3.connection.HTTPConnection object at 0x7f95813f9730>: Failed to resolve 'none' ([Errno -3] Temporary failure in name resolution)")': /session
=============================== warnings summary ===============================
tests/web-ui/test_cv_page.py::test_cv_header_is_present
  /usr/local/lib/python3.9/dist-packages/selene/core/configuration.py:939: DeprecationWarning: Was deprecated because "browser" term is not relevant to mobile context. Use `config.hold_driver_at_exit = ...` instead
    warnings.warn(

-- Docs: https://docs.pytest.org/en/stable/how-to/capture-warnings.html
=========================== short test summary info ============================
ERROR tests/web-ui/test_cv_page.py::test_cv_header_is_present - urllib3.exceptions.MaxRetryError: HTTPConnectionPool(host='none', port=80): Max retries exceeded with url: /session (Caused by NameResolutionError("<urllib3.connection.HTTPConnection object at 0x7f95813f9940>: Failed to resolve 'none' ([Errno -3] Temporary failure in name resolution)"))
========================= 1 warning, 1 error in 40.65s =========================
[8mha:////4K1g+M1Br+hPMHhTf0XrXwdFUstDPzMi2uDUBPN64ec+AAAApB+LCAAAAAAAAP9tjTEOwjAQBC9BFLSUPOKi0CFEldZKwwtMbIwT687YDknFi/gaf8AiEhVbrHa2mdcb1jHAiYPBXtNgKXYWvRtNXjhxGK6OJ+z5gh1TZKex1VPLSjcLtpw0LClKWAnYaOocR0smwVb08iErJ8lU5xTydxRQWnWHJxQim5MM6QtzgN1tVJHp5/krgNn7BOW+zlUfPiXWgpW+AAAA[0m[Pipeline] }
ERROR: uh oh
ERROR: script returned exit code 1
[8mha:////4JFJmCM8/Z5Z8QZGdjqHZily0TjVmojtcGv1cTwbWDdRAAAApR+LCAAAAAAAAP9tjTEOwjAQBC9BFLSUPMIRqZAQVVorDS8w8WGcWHfGdkgqXsTX+AMWkajYYrWzzbzesI4BThyM6JEGS7GzwrvR5CUmDsPV8SR6voiOKbJD0eLUssZmwZYTwpKihJWEDVLnOFoyCbayVw9VOUWmOqeQv6OE0uo7PKGQ2ZxUSF+YA+xuo45MP89fAczeJyjrOtf+8AEdlBFkvgAAAA==[0m[Pipeline] // catchError
[8mha:////4As2mjksjjU7He+lx3ehU8Yjwu8cersu3ldXnGsoLnmpAAAApR+LCAAAAAAAAP9tjTEOwjAQBC9BFLSUPOIioKBAqWgtN7zAJMY4se6C7eBUvIiv8QcsIlGxxWpnm3m9YRk81OwNdpp6S6GxOLjR5IWJfX91nLDjCzZMgZ1GqZPkVp9mlBw1zClKWAhYaWocB0smwlp06qEqp8hU5+jzdxRQ2vYOTyhENkfl4xcmD5vb2Aamn+evAKZhiFDu9rm2hw8pWvI/vgAAAA==[0m[Pipeline] }
[8mha:////4CJNbZw9vUNEtJI4MivatDh/toKxxZEWEVVS3iEGBJzyAAAApR+LCAAAAAAAAP9tjTEOwjAQBC9BFLSUPOIiEKJBqWgtN7zAJMY4se6C7eBUvIiv8QcsIlGxxWpnm3m9YRk81OwNdpp6S6GxOLjR5IWJfX91nLDjCzZMgZ1GqZPkVp9mlBw1zClKWAhYaWocB0smwlp06qEqp8hU5+jzdxRQ2vYOTyhENkfl4xcmD5vb2Aamn+evAKZhiFDu9rm2hw8HWvBVvgAAAA==[0m[Pipeline] // stage
[8mha:////4JUW/YF+69Wf4RqKhexNG9Y41rRGUxQ28ZX8iM2iCMDWAAAAph+LCAAAAAAAAP9tjTEOwjAQBM9BKWgpeYQjIagQFa3lhheY2Bgn1l2wLyQVL+Jr/IFAJCq22llpNc8XlDnBgZKXjcM2YK6D7GLvpyYHSu0l0iAbOsuaMFN0UrtBk3XHGTWxgzmigIWCpcM6Ug7oGVaqMXdTRYO+OnGatr2CItgbPECoycwm8RfGBOtrbzPhz/NXAGPHILYMxWb3OZZvmG8PMMEAAAA=[0m[Pipeline] stage
[8mha:////4K7IW1knxI2nMZeeqW6JfZKrwY11raRS2GuUkpJeYXbkAAAAqB+LCAAAAAAAAP9tjTEOwjAUQ3+LOrAycohUQoIFMXWNsnCC0ISQNvq//KS0EyfiatyBlkpMeLBsS9Z7vaGIDCdiJxqLrcdYe9GF3k1JDMTtNdAgGrqImjBSsELZQZGx1VIVJQuLshxWEtYW60DRo0uwkY1+6DJodOU58bQdJeTe3OEJmZzISXP6lpFhe+tNJPxx/gJg7BLku/1sh/lZfACW9ZT2wgAAAA==[0m[Pipeline] { (reporting)
[8mha:////4I7hns0J3Txnnoxj7I2rscbauHnC3X+B0qZVWKnT7oAnAAAApR+LCAAAAAAAAP9tjTEOwjAQBC9BFLSUPOIiUUCBqNJabniBiY1xYt0Z2yGpeBFf4w8EIlGxxWpnm3m+YJkiHDlabA11jlLjMPjeTgsHjt3F84Atn7FhSuwNSjNI1qaeUXI2MKcoYSFgZajxnBzZDGvRqruqvCJbnXKcvoOA0ukbPKAQkzmrmL8wRthce52Yfp6/AhhDhnK7+9Q+vAHUcXIBvgAAAA==[0m[Pipeline] allure
[web-ui automation tests] $ /var/jenkins_home/tools/ru.yandex.qatools.allure.jenkins.tools.AllureCommandlineInstallation/allurecommandline/bin/allure generate "/var/jenkins_home/workspace/web-ui automation tests/ALLURE-RESULTS" -c -o "/var/jenkins_home/workspace/web-ui automation tests/allure-report"
Report successfully generated to /var/jenkins_home/workspace/web-ui automation tests/allure-report
Allure report was successfully generated.
Creating artifact for the build.
Artifact was added to the build.
[8mha:////4IRxPmMzn3X/uo0fXICYlo3bqZurPNzBMwvI6sjIcN4KAAAApR+LCAAAAAAAAP9tjTEOwjAQBC9BFLSUPOIiUSAkRJXWcsMLTGyME+vO2A5JxYv4Gn8gEImKLVY728zzBcsU4cjRYmuoc5Qah8H3dlo4cOwungds+YwNU2JvUJpBsjb1jJKzgTlFCQsBK0ON5+TIZliLVt1V5RXZ6pTj9B0ElE7f4AGFmMxZxfyFMcLm2uvE9PP8FcAYQoZyu//U7g2/yR8JvgAAAA==[0m[Pipeline] }
[8mha:////4Jleq7VxGwaI97k080Tf+sVWRXIj6g2013aPo4LZic0uAAAApR+LCAAAAAAAAP9tjTEOwjAQBC9BFLSUPOIiIVEgRJXWcsMLTGyME+vO2A5JxYv4Gn8gEImKLVY728zzBcsU4cjRYmuoc5Qah8H3dlo4cOwungds+YwNU2JvUJpBsjb1jJKzgTlFCQsBK0ON5+TIZliLVt1V5RXZ6pTj9B0ElE7f4AGFmMxZxfyFMcLm2uvE9PP8FcAYQoZyu//U7g2gS0pbvgAAAA==[0m[Pipeline] // stage
[8mha:////4CjBUuEBYQIPbPpkMPgBHvTsu3srZCHA1knIr4Ka1/zqAAAAox+LCAAAAAAAAP9tjTEOwjAQBDdBFLSUPMJBgg5R0VppeIFJjHFi3QX7QlLxIr7GH4iIRMVWO9PM641lijhydKqx1HpKlVdd6N301MCxvQYeVMMXVTElDlaVdii5tqcZSxaLeVmOhcbKUhU4eXKCtW7MwxTBkCvOEid30Mh9fccTmZ7KYqJ8YYzY3Po6Mf06fwMYu06Q77aCbP8BjoqNn70AAAA=[0m[Pipeline] }
[8mha:////4E2NlLXgc1k0edge6lMrxOuqY4mEIVHpy3HVnLy1fJw2AAAAoh+LCAAAAAAAAP9tjbEOgjAURS8YB1dHP6LEMBon14bFL6hQa6F5D9uHMPlF/pr/IJHEyTvdc5bzemOdIo4cnWotdZ5S7VUfBjc/NXLsroFH1fJF1UyJg1WVHStu7GnBisViWZZjpbGxVAdOnpxgq1vzMEUw5IqzxNkdNHLf3PFEpueymChfmCJ2t6FJTL/O3wCmvhfk5V6QlR+dNok8vQAAAA==[0m[Pipeline] // node
[8mha:////4D3aPGooKIzGOjIVAu70HBj27L7xgMs37c4JX9Z4fpcqAAAAoh+LCAAAAAAAAP9tjbEOgjAURS8YB1dHP6IkOBon14bFL6hQa6F5D9uHMPlF/pr/IJHEyTvdc5bzemOdIo4cnWotdZ5S7VUfBjc/NXLsroFH1fJF1UyJg1WVHStu7GnBisViWZZjpbGxVAdOnpxgq1vzMEUw5IqzxNkdNHLf3PFEpueymChfmCJ2t6FJTL/O3wCmvhfk+1KQlR/bfC4MvQAAAA==[0m[Pipeline] End of Pipeline
Finished: UNSTABLE
